unityLibrary/build/intermediates/manifest_merge_blame_file/debug/manifest-merger-blame-debug-report.txt
1<?xml version="1.0" encoding="utf-8"?>
2<!-- GENERATED BY UNITY. REMOVE THIS COMMENT TO PREVENT OVERWRITING WHEN EXPORTING AGAIN -->
3<manifest xmlns:android="http://schemas.android.com/apk/res/android"
4    xmlns:tools="http://schemas.android.com/tools"
5    package="com.unity3d.player"
6    android:versionCode="14"
7    android:versionName="1" >
8
9    <uses-sdk
10        android:minSdkVersion="24"
10-->src\main\AndroidManifest.xml
11        android:targetSdkVersion="29" />
11-->src\main\AndroidManifest.xml
12
13    <uses-feature android:glEsVersion="0x00030000" />
13-->src\main\AndroidManifest.xml:19:3-52
13-->src\main\AndroidManifest.xml:19:17-49
14
15    <uses-permission android:name="android.permission.CAMERA" />
15-->src\main\AndroidManifest.xml:20:3-63
15-->src\main\AndroidManifest.xml:20:20-60
16    <uses-permission android:name="android.permission.INTERNET" />
16-->src\main\AndroidManifest.xml:21:3-65
16-->src\main\AndroidManifest.xml:21:20-62
17
18    <uses-feature
18-->src\main\AndroidManifest.xml:22:3-88
19        android:name="android.hardware.touchscreen"
19-->src\main\AndroidManifest.xml:22:17-60
20        android:required="false" />
20-->src\main\AndroidManifest.xml:22:61-85
21    <uses-feature
21-->src\main\AndroidManifest.xml:23:3-99
22        android:name="android.hardware.touchscreen.multitouch"
22-->src\main\AndroidManifest.xml:23:17-71
23        android:required="false" />
23-->src\main\AndroidManifest.xml:23:72-96
24    <uses-feature
24-->src\main\AndroidManifest.xml:24:3-108
25        android:name="android.hardware.touchscreen.multitouch.distinct"
25-->src\main\AndroidManifest.xml:24:17-80
26        android:required="false" />
26-->src\main\AndroidManifest.xml:24:81-105
27
28    <application>
28-->src\main\AndroidManifest.xml:4:3-18:17
29        <activity
29-->src\main\AndroidManifest.xml:5:5-11:16
30            android:name="com.unity3d.player.UnityPlayerActivity"
30-->src\main\AndroidManifest.xml:5:15-68
31            android:configChanges="mcc|mnc|locale|touchscreen|keyboard|keyboardHidden|navigation|orientation|screenLayout|uiMode|screenSize|smallestScreenSize|fontScale|layoutDirection|density"
31-->src\main\AndroidManifest.xml:5:180-361
32            android:hardwareAccelerated="false"
32-->src\main\AndroidManifest.xml:5:362-397
33            android:launchMode="singleTask"
33-->src\main\AndroidManifest.xml:5:148-179
34            android:screenOrientation="portrait"
34-->src\main\AndroidManifest.xml:5:111-147
35            android:theme="@style/UnityThemeSelector" >
35-->src\main\AndroidManifest.xml:5:69-110
36            <intent-filter>
36-->src\main\AndroidManifest.xml:6:7-8:23
37                <action android:name="android.intent.action.MAIN" />
37-->src\main\AndroidManifest.xml:7:9-61
37-->src\main\AndroidManifest.xml:7:17-58
38            </intent-filter>
39
40            <meta-data
40-->src\main\AndroidManifest.xml:9:7-82
41                android:name="unityplayer.UnityActivity"
41-->src\main\AndroidManifest.xml:9:18-58
42                android:value="true" />
42-->src\main\AndroidManifest.xml:9:59-79
43            <meta-data
43-->src\main\AndroidManifest.xml:10:7-78
44                android:name="android.notch_support"
44-->src\main\AndroidManifest.xml:10:18-54
45                android:value="true" />
45-->src\main\AndroidManifest.xml:10:55-75
46        </activity>
47
48        <meta-data
48-->src\main\AndroidManifest.xml:12:5-73
49            android:name="unity.tango-enable"
49-->src\main\AndroidManifest.xml:12:16-49
50            android:value="True" />
50-->src\main\AndroidManifest.xml:12:50-70
51        <meta-data
51-->src\main\AndroidManifest.xml:13:5-88
52            android:name="unityplayer.SkipPermissionsDialog"
52-->src\main\AndroidManifest.xml:13:16-64
53            android:value="true" />
53-->src\main\AndroidManifest.xml:13:65-85
54        <meta-data
54-->src\main\AndroidManifest.xml:14:5-69
55            android:name="unity.splash-mode"
55-->src\main\AndroidManifest.xml:14:16-48
56            android:value="0" />
56-->src\main\AndroidManifest.xml:14:49-66
57        <meta-data
57-->src\main\AndroidManifest.xml:15:5-74
58            android:name="unity.splash-enable"
58-->src\main\AndroidManifest.xml:15:16-50
59            android:value="True" />
59-->src\main\AndroidManifest.xml:15:51-71
60        <meta-data
60-->src\main\AndroidManifest.xml:16:5-81
61            android:name="notch.config"
61-->src\main\AndroidManifest.xml:16:16-43
62            android:value="portrait|landscape" />
62-->src\main\AndroidManifest.xml:16:44-78
63        <meta-data
63-->src\main\AndroidManifest.xml:17:5-101
64            android:name="unity.build-id"
64-->src\main\AndroidManifest.xml:17:16-45
65            android:value="9674e2a9-637d-4dd8-a261-988a96d0cb12" />
65-->src\main\AndroidManifest.xml:17:46-98
66    </application>
67
68</manifest>